<?xml version="1.0" encoding="UTF-8"?>
<!-- Generated by org.testng.reporters.JUnitXMLReporter -->
<testsuite hostname="RSI1535" ignored="0" name="Test" tests="6" failures="1" timestamp="07 Feb 2020 19:12:55 GMT" time="371.502" errors="0">
  <testcase name="pesquisa1ProdutoValidoTelaPrincipal" time="7.389" classname="br.com.rsinet.mobile.appium.testes.TesteTelaPrincipal"/>
  <testcase name="pesquisa2Produtocom45itensnocarinho" time="14.216" classname="br.com.rsinet.mobile.appium.testes.TesteTelaPrincipal"/>
  <testcase name="pesquisa1Produto_Invalido" time="3.69" classname="br.com.rsinet.mobile.appium.testes.TestePesquisaPorLupa"/>
  <testcase name="pesquisa2Produto_valido" time="5.589" classname="br.com.rsinet.mobile.appium.testes.TestePesquisaPorLupa"/>
  <testcase name="cadastro1Valido" time="39.844" classname="br.com.rsinet.mobile.appium.testes.TesteCadastro">
    <failure type="java.lang.AssertionError" message="Advantage expected [true] but found [false]">
      <![CDATA[java.lang.AssertionError: Advantage expected [true] but found [false]
at br.com.rsinet.mobile.appium.testes.TesteCadastro.cadastro1Valido(TesteCadastro.java:72)
... Removed 28 stack frames]]>
    </failure>
  </testcase> <!-- cadastro1Valido -->
  <testcase name="cadastro2Invalido" time="40.223" classname="br.com.rsinet.mobile.appium.testes.TesteCadastro"/>
</testsuite> <!-- Test -->
