<?xml version="1.0" encoding="UTF-8"?>
<!-- Generated by org.testng.reporters.JUnitXMLReporter -->
<testsuite hostname="RSI1535" ignored="0" name="Default test" tests="2" failures="0" timestamp="09 Feb 2020 04:56:51 GMT" time="127.972" errors="0">
  <testcase name="cadastro1Valido" time="28.677" classname="br.com.rsinet.mobile.appium.testes.TesteCadastro"/>
  <testcase name="cadastro2Invalido" time="24.5" classname="br.com.rsinet.mobile.appium.testes.TesteCadastro"/>
</testsuite> <!-- Default test -->
