<?xml version="1.0" encoding="UTF-8"?>
<testng-results skipped="0" failed="0" ignored="0" total="2" passed="2">
  <reporter-output>
  </reporter-output>
  <suite name="Default suite" duration-ms="75114" started-at="2020-02-07T18:39:54Z" finished-at="2020-02-07T18:41:09Z">
    <groups>
    </groups>
    <test name="Default test" duration-ms="75114" started-at="2020-02-07T18:39:54Z" finished-at="2020-02-07T18:41:09Z">
      <class name="br.com.rsinet.mobile.appium.testes.TesteTelaPrincipal">
        <test-method status="PASS" signature="iniciaReport()[pri:0, instance:br.com.rsinet.mobile.appium.testes.TesteTelaPrincipal@64bf3bbf]" name="iniciaReport" is-config="true" duration-ms="164" started-at="2020-02-07T18:39:54Z" finished-at="2020-02-07T18:39:54Z">
          <reporter-output>
          </reporter-output>
        </test-method> <!-- iniciaReport -->
        <test-method status="PASS" signature="IniciaDriver()[pri:0, instance:br.com.rsinet.mobile.appium.testes.TesteTelaPrincipal@64bf3bbf]" name="IniciaDriver" is-config="true" duration-ms="21886" started-at="2020-02-07T18:39:54Z" finished-at="2020-02-07T18:40:16Z">
          <reporter-output>
          </reporter-output>
        </test-method> <!-- IniciaDriver -->
        <test-method status="PASS" signature="pesquisa1ProdutoValidoTelaPrincipal()[pri:0, instance:br.com.rsinet.mobile.appium.testes.TesteTelaPrincipal@64bf3bbf]" name="pesquisa1ProdutoValidoTelaPrincipal" duration-ms="6529" started-at="2020-02-07T18:40:16Z" finished-at="2020-02-07T18:40:22Z">
          <reporter-output>
          </reporter-output>
        </test-method> <!-- pesquisa1ProdutoValidoTelaPrincipal -->
        <test-method status="PASS" signature="Finaliza(org.testng.ITestResult)[pri:0, instance:br.com.rsinet.mobile.appium.testes.TesteTelaPrincipal@64bf3bbf]" name="Finaliza" is-config="true" duration-ms="4157" started-at="2020-02-07T18:40:22Z" finished-at="2020-02-07T18:40:26Z">
          <params>
            <param index="0">
              <value>
                <![CDATA[[TestResult name=pesquisa1ProdutoValidoTelaPrincipal status=SUCCESS method=TesteTelaPrincipal.pesquisa1ProdutoValidoTelaPrincipal()[pri:0, instance:br.com.rsinet.mobile.appium.testes.TesteTelaPrincipal@64bf3bbf] output={null}]]]>
              </value>
            </param>
          </params>
          <reporter-output>
          </reporter-output>
        </test-method> <!-- Finaliza -->
        <test-method status="PASS" signature="IniciaDriver()[pri:0, instance:br.com.rsinet.mobile.appium.testes.TesteTelaPrincipal@64bf3bbf]" name="IniciaDriver" is-config="true" duration-ms="23066" started-at="2020-02-07T18:40:26Z" finished-at="2020-02-07T18:40:49Z">
          <reporter-output>
          </reporter-output>
        </test-method> <!-- IniciaDriver -->
        <test-method status="PASS" signature="pesquisa2Produtocom45itensnocarinho()[pri:0, instance:br.com.rsinet.mobile.appium.testes.TesteTelaPrincipal@64bf3bbf]" name="pesquisa2Produtocom45itensnocarinho" duration-ms="13573" started-at="2020-02-07T18:40:49Z" finished-at="2020-02-07T18:41:03Z">
          <reporter-output>
          </reporter-output>
        </test-method> <!-- pesquisa2Produtocom45itensnocarinho -->
        <test-method status="PASS" signature="Finaliza(org.testng.ITestResult)[pri:0, instance:br.com.rsinet.mobile.appium.testes.TesteTelaPrincipal@64bf3bbf]" name="Finaliza" is-config="true" duration-ms="5670" started-at="2020-02-07T18:41:03Z" finished-at="2020-02-07T18:41:09Z">
          <params>
            <param index="0">
              <value>
                <![CDATA[[TestResult name=pesquisa2Produtocom45itensnocarinho status=SUCCESS method=TesteTelaPrincipal.pesquisa2Produtocom45itensnocarinho()[pri:0, instance:br.com.rsinet.mobile.appium.testes.TesteTelaPrincipal@64bf3bbf] output={null}]]]>
              </value>
            </param>
          </params>
          <reporter-output>
          </reporter-output>
        </test-method> <!-- Finaliza -->
        <test-method status="PASS" signature="finalizareport()[pri:0, instance:br.com.rsinet.mobile.appium.testes.TesteTelaPrincipal@64bf3bbf]" name="finalizareport" is-config="true" duration-ms="49" started-at="2020-02-07T18:41:09Z" finished-at="2020-02-07T18:41:09Z">
          <reporter-output>
          </reporter-output>
        </test-method> <!-- finalizareport -->
      </class> <!-- br.com.rsinet.mobile.appium.testes.TesteTelaPrincipal -->
    </test> <!-- Default test -->
  </suite> <!-- Default suite -->
</testng-results>
